[0.037s] Invoking command in '/my_new_project/dev_ws/src/my_package/build/my_package': CMAKE_PREFIX_PATH=/opt/ros/foxy /usr/bin/cmake /my_new_project/dev_ws/src/my_package -DCMAKE_INSTALL_PREFIX=/my_new_project/dev_ws/src/my_package/install/my_package
[0.070s] -- Found ament_cmake: 0.9.12 (/opt/ros/foxy/share/ament_cmake/cmake)
[0.097s] -- Using PYTHON_EXECUTABLE: /usr/bin/python3
[0.260s] -- Override CMake install command with custom implementation using symlinks instead of copying resources
[0.290s] -- Found ament_lint_auto: 0.9.8 (/opt/ros/foxy/share/ament_lint_auto/cmake)
[0.388s] -- Added test 'copyright' to check source files copyright and LICENSE
[0.660s] -- Added test 'cppcheck' to perform static code analysis on C / C++ code
[0.661s] -- Configured cppcheck include dirs: 
[0.661s] -- Configured cppcheck exclude dirs and/or files: 
[0.886s] -- Added test 'cpplint' to check C / C++ code against the Google style
[0.886s] -- Configured cpplint exclude dirs and/or files: 
[0.919s] -- Added test 'flake8' to check Python code syntax and style conventions
[0.987s] -- Added test 'lint_cmake' to check CMake code style
[1.019s] -- Added test 'pep257' to check Python code against some of the style conventions in PEP 257
[1.294s] -- Added test 'uncrustify' to check C / C++ code style
[1.295s] -- Configured uncrustify additional arguments: 
[1.327s] -- Added test 'xmllint' to check XML markup files
[1.336s] -- Configuring done
[1.361s] -- Generating done
[1.368s] -- Build files have been written to: /my_new_project/dev_ws/src/my_package/build/my_package
[1.372s] Invoked command in '/my_new_project/dev_ws/src/my_package/build/my_package' returned '0': CMAKE_PREFIX_PATH=/opt/ros/foxy /usr/bin/cmake /my_new_project/dev_ws/src/my_package -DCMAKE_INSTALL_PREFIX=/my_new_project/dev_ws/src/my_package/install/my_package
[1.376s] Invoking command in '/my_new_project/dev_ws/src/my_package/build/my_package': CMAKE_PREFIX_PATH=/opt/ros/foxy /usr/bin/cmake --build /my_new_project/dev_ws/src/my_package/build/my_package -- -j8 -l8
[1.426s] Invoked command in '/my_new_project/dev_ws/src/my_package/build/my_package' returned '0': CMAKE_PREFIX_PATH=/opt/ros/foxy /usr/bin/cmake --build /my_new_project/dev_ws/src/my_package/build/my_package -- -j8 -l8
[1.468s] Invoking command in '/my_new_project/dev_ws/src/my_package/build/my_package': CMAKE_PREFIX_PATH=/opt/ros/foxy /usr/bin/cmake --install /my_new_project/dev_ws/src/my_package/build/my_package
[1.479s] -- Install configuration: ""
[1.480s] -- Execute custom install script
[1.481s] -- Up-to-date symlink: /my_new_project/dev_ws/src/my_package/install/my_package/share/my_package/launch/display.launch.py
[1.482s] -- Up-to-date symlink: /my_new_project/dev_ws/src/my_package/install/my_package/share/my_package/launch/listener.launch.py
[1.483s] -- Up-to-date symlink: /my_new_project/dev_ws/src/my_package/install/my_package/share/my_package/launch/talker.launch.py
[1.485s] -- Up-to-date symlink: /my_new_project/dev_ws/src/my_package/install/my_package/share/my_package/urdf/my_materials.xacro
[1.486s] -- Up-to-date symlink: /my_new_project/dev_ws/src/my_package/install/my_package/share/my_package/urdf/robot_arm.urdf.xacro
[1.487s] -- Up-to-date symlink: /my_new_project/dev_ws/src/my_package/install/my_package/share/my_package/meshes/base.obj
[1.489s] -- Up-to-date symlink: /my_new_project/dev_ws/src/my_package/install/my_package/share/my_package/meshes/base.stl
[1.489s] -- Up-to-date symlink: /my_new_project/dev_ws/src/my_package/install/my_package/share/my_package/meshes/hello.txt
[1.491s] -- Up-to-date symlink: /my_new_project/dev_ws/src/my_package/install/my_package/share/my_package/meshes/j1.obj
[1.492s] -- Up-to-date symlink: /my_new_project/dev_ws/src/my_package/install/my_package/share/my_package/meshes/j1.stl
[1.493s] -- Up-to-date symlink: /my_new_project/dev_ws/src/my_package/install/my_package/share/my_package/meshes/j2.obj
[1.494s] -- Up-to-date symlink: /my_new_project/dev_ws/src/my_package/install/my_package/share/my_package/meshes/j2.stl
[1.495s] -- Up-to-date symlink: /my_new_project/dev_ws/src/my_package/install/my_package/share/my_package/meshes/j3.obj
[1.496s] -- Up-to-date symlink: /my_new_project/dev_ws/src/my_package/install/my_package/share/my_package/meshes/j3.stl
[1.497s] -- Up-to-date symlink: /my_new_project/dev_ws/src/my_package/install/my_package/share/my_package/meshes/j4.obj
[1.497s] -- Up-to-date symlink: /my_new_project/dev_ws/src/my_package/install/my_package/share/my_package/meshes/j4.stl
[1.498s] -- Up-to-date symlink: /my_new_project/dev_ws/src/my_package/install/my_package/share/my_package/meshes/j5.obj
[1.499s] -- Up-to-date symlink: /my_new_project/dev_ws/src/my_package/install/my_package/share/my_package/meshes/j5.stl
[1.501s] -- Up-to-date symlink: /my_new_project/dev_ws/src/my_package/install/my_package/share/ament_index/resource_index/package_run_dependencies/my_package
[1.502s] -- Up-to-date symlink: /my_new_project/dev_ws/src/my_package/install/my_package/share/ament_index/resource_index/parent_prefix_path/my_package
[1.503s] -- Up-to-date symlink: /my_new_project/dev_ws/src/my_package/install/my_package/share/my_package/environment/ament_prefix_path.sh
[1.504s] -- Up-to-date symlink: /my_new_project/dev_ws/src/my_package/install/my_package/share/my_package/environment/ament_prefix_path.dsv
[1.506s] -- Up-to-date symlink: /my_new_project/dev_ws/src/my_package/install/my_package/share/my_package/environment/path.sh
[1.507s] -- Up-to-date symlink: /my_new_project/dev_ws/src/my_package/install/my_package/share/my_package/environment/path.dsv
[1.508s] -- Up-to-date symlink: /my_new_project/dev_ws/src/my_package/install/my_package/share/my_package/local_setup.bash
[1.509s] -- Up-to-date symlink: /my_new_project/dev_ws/src/my_package/install/my_package/share/my_package/local_setup.sh
[1.511s] -- Up-to-date symlink: /my_new_project/dev_ws/src/my_package/install/my_package/share/my_package/local_setup.zsh
[1.512s] -- Up-to-date symlink: /my_new_project/dev_ws/src/my_package/install/my_package/share/my_package/local_setup.dsv
[1.514s] -- Symlinking: /my_new_project/dev_ws/src/my_package/install/my_package/share/my_package/package.dsv
[1.527s] -- Up-to-date symlink: /my_new_project/dev_ws/src/my_package/install/my_package/share/ament_index/resource_index/packages/my_package
[1.529s] -- Up-to-date symlink: /my_new_project/dev_ws/src/my_package/install/my_package/share/my_package/cmake/my_packageConfig.cmake
[1.531s] -- Up-to-date symlink: /my_new_project/dev_ws/src/my_package/install/my_package/share/my_package/cmake/my_packageConfig-version.cmake
[1.532s] -- Up-to-date symlink: /my_new_project/dev_ws/src/my_package/install/my_package/share/my_package/package.xml
[1.536s] Invoked command in '/my_new_project/dev_ws/src/my_package/build/my_package' returned '0': CMAKE_PREFIX_PATH=/opt/ros/foxy /usr/bin/cmake --install /my_new_project/dev_ws/src/my_package/build/my_package
