-- The C compiler identification is GNU 9.4.0
-- The CXX compiler identification is GNU 9.4.0
-- Check for working C compiler: /usr/bin/cc
-- Check for working C compiler: /usr/bin/cc -- works
-- Detecting C compiler ABI info
-- Detecting C compiler ABI info - done
-- Detecting C compile features
-- Detecting C compile features - done
-- Check for working CXX compiler: /usr/bin/c++
-- Check for working CXX compiler: /usr/bin/c++ -- works
-- Detecting CXX compiler ABI info
-- Detecting CXX compiler ABI info - done
-- Detecting CXX compile features
-- Detecting CXX compile features - done
-- Found ament_cmake: 0.9.12 (/opt/ros/foxy/share/ament_cmake/cmake)
-- Found PythonInterp: /usr/bin/python3 (found suitable version "3.8.10", minimum required is "3") 
-- Using PYTHON_EXECUTABLE: /usr/bin/python3
-- Found ament_lint_auto: 0.9.8 (/opt/ros/foxy/share/ament_lint_auto/cmake)
-- Added test 'copyright' to check source files copyright and LICENSE
-- Added test 'cppcheck' to perform static code analysis on C / C++ code
-- Configured cppcheck include dirs: 
-- Configured cppcheck exclude dirs and/or files: 
-- Added test 'cpplint' to check C / C++ code against the Google style
-- Configured cpplint exclude dirs and/or files: 
-- Added test 'flake8' to check Python code syntax and style conventions
-- Added test 'lint_cmake' to check CMake code style
-- Added test 'pep257' to check Python code against some of the style conventions in PEP 257
-- Added test 'uncrustify' to check C / C++ code style
-- Configured uncrustify additional arguments: 
-- Added test 'xmllint' to check XML markup files
-- Configuring done
-- Generating done
-- Build files have been written to: /my_new_project/dev_ws/src/my_package/build/my_package
-- Install configuration: ""
-- Installing: /my_new_project/dev_ws/src/my_package/install/my_package/share/my_package/launch
-- Installing: /my_new_project/dev_ws/src/my_package/install/my_package/share/my_package/launch/listener.launch.py
-- Installing: /my_new_project/dev_ws/src/my_package/install/my_package/share/my_package/launch/display.launch.py
-- Installing: /my_new_project/dev_ws/src/my_package/install/my_package/share/my_package/launch/talker.launch.py
-- Installing: /my_new_project/dev_ws/src/my_package/install/my_package/share/my_package/urdf
-- Installing: /my_new_project/dev_ws/src/my_package/install/my_package/share/my_package/urdf/robot_arm.urdf.xacro
-- Installing: /my_new_project/dev_ws/src/my_package/install/my_package/share/my_package/urdf/my_materials.xacro
-- Installing: /my_new_project/dev_ws/src/my_package/install/my_package/share/my_package/meshes
-- Installing: /my_new_project/dev_ws/src/my_package/install/my_package/share/my_package/meshes/j6.obj
-- Installing: /my_new_project/dev_ws/src/my_package/install/my_package/share/my_package/meshes/j1.stl
-- Installing: /my_new_project/dev_ws/src/my_package/install/my_package/share/my_package/meshes/j1.obj
-- Installing: /my_new_project/dev_ws/src/my_package/install/my_package/share/my_package/meshes/j5.obj
-- Installing: /my_new_project/dev_ws/src/my_package/install/my_package/share/my_package/meshes/j4.obj
-- Installing: /my_new_project/dev_ws/src/my_package/install/my_package/share/my_package/meshes/meca.obj
-- Installing: /my_new_project/dev_ws/src/my_package/install/my_package/share/my_package/meshes/j2.obj
-- Installing: /my_new_project/dev_ws/src/my_package/install/my_package/share/my_package/meshes/base.obj
-- Installing: /my_new_project/dev_ws/src/my_package/install/my_package/share/my_package/meshes/j3.obj
-- Installing: /my_new_project/dev_ws/src/my_package/install/my_package/share/ament_index/resource_index/package_run_dependencies/my_package
-- Installing: /my_new_project/dev_ws/src/my_package/install/my_package/share/ament_index/resource_index/parent_prefix_path/my_package
-- Installing: /my_new_project/dev_ws/src/my_package/install/my_package/share/my_package/environment/ament_prefix_path.sh
-- Installing: /my_new_project/dev_ws/src/my_package/install/my_package/share/my_package/environment/ament_prefix_path.dsv
-- Installing: /my_new_project/dev_ws/src/my_package/install/my_package/share/my_package/environment/path.sh
-- Installing: /my_new_project/dev_ws/src/my_package/install/my_package/share/my_package/environment/path.dsv
-- Installing: /my_new_project/dev_ws/src/my_package/install/my_package/share/my_package/local_setup.bash
-- Installing: /my_new_project/dev_ws/src/my_package/install/my_package/share/my_package/local_setup.sh
-- Installing: /my_new_project/dev_ws/src/my_package/install/my_package/share/my_package/local_setup.zsh
-- Installing: /my_new_project/dev_ws/src/my_package/install/my_package/share/my_package/local_setup.dsv
-- Installing: /my_new_project/dev_ws/src/my_package/install/my_package/share/my_package/package.dsv
-- Installing: /my_new_project/dev_ws/src/my_package/install/my_package/share/ament_index/resource_index/packages/my_package
-- Installing: /my_new_project/dev_ws/src/my_package/install/my_package/share/my_package/cmake/my_packageConfig.cmake
-- Installing: /my_new_project/dev_ws/src/my_package/install/my_package/share/my_package/cmake/my_packageConfig-version.cmake
-- Installing: /my_new_project/dev_ws/src/my_package/install/my_package/share/my_package/package.xml
