[0.522s] DEBUG:colcon:Command line arguments: ['/usr/bin/colcon', 'build']
[0.522s] DEBUG:colcon:Parsed command line arguments: Namespace(ament_cmake_args=None, base_paths=['.'], build_base='build', catkin_cmake_args=None, catkin_skip_building_tests=False, cmake_args=None, cmake_clean_cache=False, cmake_clean_first=False, cmake_force_configure=False, cmake_target=None, cmake_target_skip_unavailable=False, continue_on_error=False, event_handlers=None, executor='parallel', ignore_user_meta=False, install_base='install', log_base=None, log_level=None, main=<bound method BuildVerb.main of <colcon_core.verb.build.BuildVerb object at 0x7f1f7214c9a0>>, merge_install=False, metas=['./colcon.meta'], mixin=None, mixin_files=None, mixin_verb=('build',), packages_above=None, packages_above_and_dependencies=None, packages_above_depth=None, packages_end=None, packages_ignore=None, packages_ignore_regex=None, packages_select=None, packages_select_build_failed=False, packages_select_by_dep=None, packages_select_regex=None, packages_select_test_failures=False, packages_skip=None, packages_skip_build_finished=False, packages_skip_by_dep=None, packages_skip_regex=None, packages_skip_test_passed=False, packages_skip_up_to=None, packages_start=None, packages_up_to=None, packages_up_to_regex=None, parallel_workers=8, paths=None, symlink_install=False, test_result_base=None, verb_extension=<colcon_core.verb.build.BuildVerb object at 0x7f1f7214c9a0>, verb_name='build', verb_parser=<colcon_mixin.mixin.mixin_argument.MixinArgumentDecorator object at 0x7f1f7214cf70>)
[0.577s] Level 1:colcon.colcon_core.package_discovery:discover_packages(colcon_meta) check parameters
[0.577s] Level 1:colcon.colcon_core.package_discovery:discover_packages(recursive) check parameters
[0.578s] Level 1:colcon.colcon_core.package_discovery:discover_packages(ignore) check parameters
[0.578s] Level 1:colcon.colcon_core.package_discovery:discover_packages(path) check parameters
[0.578s] Level 1:colcon.colcon_core.package_discovery:discover_packages(colcon_meta) discover
[0.578s] Level 1:colcon.colcon_core.package_discovery:discover_packages(recursive) discover
[0.578s] INFO:colcon.colcon_core.package_discovery:Crawling recursively for packages in '/my_new_project/dev_ws/src/my_package'
[0.579s] Level 1:colcon.colcon_core.package_identification:_identify(.) by extensions ['ignore', 'ignore_ament_install']
[0.579s] Level 1:colcon.colcon_core.package_identification:_identify(.) by extension 'ignore'
[0.580s] Level 1:colcon.colcon_core.package_identification:_identify(.) by extension 'ignore_ament_install'
[0.580s] Level 1:colcon.colcon_core.package_identification:_identify(.) by extensions ['colcon_pkg']
[0.580s] Level 1:colcon.colcon_core.package_identification:_identify(.) by extension 'colcon_pkg'
[0.580s] Level 1:colcon.colcon_core.package_identification:_identify(.) by extensions ['colcon_meta']
[0.581s] Level 1:colcon.colcon_core.package_identification:_identify(.) by extension 'colcon_meta'
[0.581s] Level 1:colcon.colcon_core.package_identification:_identify(.) by extensions ['ros']
[0.581s] Level 1:colcon.colcon_core.package_identification:_identify(.) by extension 'ros'
[0.616s] DEBUG:colcon.colcon_core.package_identification:Package '.' with type 'ros.ament_cmake' and name 'my_package'
[0.617s] Level 1:colcon.colcon_core.package_discovery:discover_packages(recursive) using defaults
[0.617s] Level 1:colcon.colcon_core.package_discovery:discover_packages(ignore) discover
[0.617s] Level 1:colcon.colcon_core.package_discovery:discover_packages(ignore) using defaults
[0.617s] Level 1:colcon.colcon_core.package_discovery:discover_packages(path) discover
[0.617s] Level 1:colcon.colcon_core.package_discovery:discover_packages(path) using defaults
[0.645s] Level 5:colcon.colcon_core.verb:set package 'my_package' build argument 'cmake_args' from command line to 'None'
[0.645s] Level 5:colcon.colcon_core.verb:set package 'my_package' build argument 'cmake_target' from command line to 'None'
[0.645s] Level 5:colcon.colcon_core.verb:set package 'my_package' build argument 'cmake_target_skip_unavailable' from command line to 'False'
[0.646s] Level 5:colcon.colcon_core.verb:set package 'my_package' build argument 'cmake_clean_cache' from command line to 'False'
[0.646s] Level 5:colcon.colcon_core.verb:set package 'my_package' build argument 'cmake_clean_first' from command line to 'False'
[0.646s] Level 5:colcon.colcon_core.verb:set package 'my_package' build argument 'cmake_force_configure' from command line to 'False'
[0.646s] Level 5:colcon.colcon_core.verb:set package 'my_package' build argument 'ament_cmake_args' from command line to 'None'
[0.646s] Level 5:colcon.colcon_core.verb:set package 'my_package' build argument 'catkin_cmake_args' from command line to 'None'
[0.646s] Level 5:colcon.colcon_core.verb:set package 'my_package' build argument 'catkin_skip_building_tests' from command line to 'False'
[0.646s] DEBUG:colcon.colcon_core.verb:Building package 'my_package' with the following arguments: {'ament_cmake_args': None, 'build_base': '/my_new_project/dev_ws/src/my_package/build/my_package', 'catkin_cmake_args': None, 'catkin_skip_building_tests': False, 'cmake_args': None, 'cmake_clean_cache': False, 'cmake_clean_first': False, 'cmake_force_configure': False, 'cmake_target': None, 'cmake_target_skip_unavailable': False, 'install_base': '/my_new_project/dev_ws/src/my_package/install/my_package', 'merge_install': False, 'path': '/my_new_project/dev_ws/src/my_package', 'symlink_install': False, 'test_result_base': None}
[0.647s] INFO:colcon.colcon_core.executor:Executing jobs using 'parallel' executor
[0.651s] DEBUG:colcon.colcon_parallel_executor.executor.parallel:run_until_complete
[0.652s] INFO:colcon.colcon_ros.task.ament_cmake.build:Building ROS package in '/my_new_project/dev_ws/src/my_package' with build type 'ament_cmake'
[0.653s] INFO:colcon.colcon_cmake.task.cmake.build:Building CMake package in '/my_new_project/dev_ws/src/my_package'
[0.664s] INFO:colcon.colcon_core.plugin_system:Skipping extension 'colcon_core.shell.bat': Not used on non-Windows systems
[0.664s] INFO:colcon.colcon_core.shell:Skip shell extension 'powershell' for command environment: Not usable outside of PowerShell
[0.664s] DEBUG:colcon.colcon_core.shell:Skip shell extension 'dsv' for command environment
[0.691s] DEBUG:colcon.colcon_core.event_handler.log_command:Invoking command in '/my_new_project/dev_ws/src/my_package/build/my_package': CMAKE_PREFIX_PATH=/opt/ros/foxy /usr/bin/cmake /my_new_project/dev_ws/src/my_package -DCMAKE_INSTALL_PREFIX=/my_new_project/dev_ws/src/my_package/install/my_package
[2.025s] DEBUG:colcon.colcon_core.event_handler.log_command:Invoked command in '/my_new_project/dev_ws/src/my_package/build/my_package' returned '0': CMAKE_PREFIX_PATH=/opt/ros/foxy /usr/bin/cmake /my_new_project/dev_ws/src/my_package -DCMAKE_INSTALL_PREFIX=/my_new_project/dev_ws/src/my_package/install/my_package
[2.030s] DEBUG:colcon.colcon_core.event_handler.log_command:Invoking command in '/my_new_project/dev_ws/src/my_package/build/my_package': CMAKE_PREFIX_PATH=/opt/ros/foxy /usr/bin/cmake --build /my_new_project/dev_ws/src/my_package/build/my_package -- -j8 -l8
[2.079s] DEBUG:colcon.colcon_core.event_handler.log_command:Invoked command in '/my_new_project/dev_ws/src/my_package/build/my_package' returned '0': CMAKE_PREFIX_PATH=/opt/ros/foxy /usr/bin/cmake --build /my_new_project/dev_ws/src/my_package/build/my_package -- -j8 -l8
[2.121s] DEBUG:colcon.colcon_core.event_handler.log_command:Invoking command in '/my_new_project/dev_ws/src/my_package/build/my_package': CMAKE_PREFIX_PATH=/opt/ros/foxy /usr/bin/cmake --install /my_new_project/dev_ws/src/my_package/build/my_package
[2.187s] Level 1:colcon.colcon_core.environment:create_environment_scripts_only(my_package)
[2.190s] DEBUG:colcon.colcon_core.event_handler.log_command:Invoked command in '/my_new_project/dev_ws/src/my_package/build/my_package' returned '0': CMAKE_PREFIX_PATH=/opt/ros/foxy /usr/bin/cmake --install /my_new_project/dev_ws/src/my_package/build/my_package
[2.199s] Level 1:colcon.colcon_core.environment:checking '/my_new_project/dev_ws/src/my_package/install/my_package' for CMake module files
[2.202s] Level 1:colcon.colcon_core.environment:checking '/my_new_project/dev_ws/src/my_package/install/my_package' for CMake config files
[2.205s] Level 1:colcon.colcon_core.shell:create_environment_hook('my_package', 'cmake_prefix_path')
[2.206s] INFO:colcon.colcon_core.shell:Creating environment hook '/my_new_project/dev_ws/src/my_package/install/my_package/share/my_package/hook/cmake_prefix_path.ps1'
[2.208s] INFO:colcon.colcon_core.shell:Creating environment descriptor '/my_new_project/dev_ws/src/my_package/install/my_package/share/my_package/hook/cmake_prefix_path.dsv'
[2.210s] INFO:colcon.colcon_core.shell:Creating environment hook '/my_new_project/dev_ws/src/my_package/install/my_package/share/my_package/hook/cmake_prefix_path.sh'
[2.212s] Level 1:colcon.colcon_core.environment:checking '/my_new_project/dev_ws/src/my_package/install/my_package/bin'
[2.213s] Level 1:colcon.colcon_core.environment:checking '/my_new_project/dev_ws/src/my_package/install/my_package/lib/pkgconfig/my_package.pc'
[2.215s] Level 1:colcon.colcon_core.environment:checking '/my_new_project/dev_ws/src/my_package/install/my_package/lib/python3.8/site-packages'
[2.215s] Level 1:colcon.colcon_core.environment:checking '/my_new_project/dev_ws/src/my_package/install/my_package/bin'
[2.217s] INFO:colcon.colcon_core.shell:Creating package script '/my_new_project/dev_ws/src/my_package/install/my_package/share/my_package/package.ps1'
[2.219s] INFO:colcon.colcon_core.shell:Creating package descriptor '/my_new_project/dev_ws/src/my_package/install/my_package/share/my_package/package.dsv'
[2.221s] INFO:colcon.colcon_core.shell:Creating package script '/my_new_project/dev_ws/src/my_package/install/my_package/share/my_package/package.sh'
[2.223s] INFO:colcon.colcon_core.shell:Creating package script '/my_new_project/dev_ws/src/my_package/install/my_package/share/my_package/package.bash'
[2.225s] INFO:colcon.colcon_core.shell:Creating package script '/my_new_project/dev_ws/src/my_package/install/my_package/share/my_package/package.zsh'
[2.227s] Level 1:colcon.colcon_core.environment:create_file_with_runtime_dependencies(/my_new_project/dev_ws/src/my_package/install/my_package/share/colcon-core/packages/my_package)
[2.255s] Level 1:colcon.colcon_core.environment:create_environment_scripts_only(my_package)
[2.258s] Level 1:colcon.colcon_core.environment:checking '/my_new_project/dev_ws/src/my_package/install/my_package' for CMake module files
[2.260s] Level 1:colcon.colcon_core.environment:checking '/my_new_project/dev_ws/src/my_package/install/my_package' for CMake config files
[2.262s] Level 1:colcon.colcon_core.shell:create_environment_hook('my_package', 'cmake_prefix_path')
[2.264s] INFO:colcon.colcon_core.shell:Creating environment hook '/my_new_project/dev_ws/src/my_package/install/my_package/share/my_package/hook/cmake_prefix_path.ps1'
[2.265s] INFO:colcon.colcon_core.shell:Creating environment descriptor '/my_new_project/dev_ws/src/my_package/install/my_package/share/my_package/hook/cmake_prefix_path.dsv'
[2.267s] INFO:colcon.colcon_core.shell:Creating environment hook '/my_new_project/dev_ws/src/my_package/install/my_package/share/my_package/hook/cmake_prefix_path.sh'
[2.269s] Level 1:colcon.colcon_core.environment:checking '/my_new_project/dev_ws/src/my_package/install/my_package/bin'
[2.269s] Level 1:colcon.colcon_core.environment:checking '/my_new_project/dev_ws/src/my_package/install/my_package/lib/pkgconfig/my_package.pc'
[2.270s] Level 1:colcon.colcon_core.environment:checking '/my_new_project/dev_ws/src/my_package/install/my_package/lib/python3.8/site-packages'
[2.270s] Level 1:colcon.colcon_core.environment:checking '/my_new_project/dev_ws/src/my_package/install/my_package/bin'
[2.272s] INFO:colcon.colcon_core.shell:Creating package script '/my_new_project/dev_ws/src/my_package/install/my_package/share/my_package/package.ps1'
[2.274s] INFO:colcon.colcon_core.shell:Creating package descriptor '/my_new_project/dev_ws/src/my_package/install/my_package/share/my_package/package.dsv'
[2.275s] INFO:colcon.colcon_core.shell:Creating package script '/my_new_project/dev_ws/src/my_package/install/my_package/share/my_package/package.sh'
[2.278s] INFO:colcon.colcon_core.shell:Creating package script '/my_new_project/dev_ws/src/my_package/install/my_package/share/my_package/package.bash'
[2.279s] INFO:colcon.colcon_core.shell:Creating package script '/my_new_project/dev_ws/src/my_package/install/my_package/share/my_package/package.zsh'
[2.281s] Level 1:colcon.colcon_core.environment:create_file_with_runtime_dependencies(/my_new_project/dev_ws/src/my_package/install/my_package/share/colcon-core/packages/my_package)
[2.284s] DEBUG:colcon.colcon_parallel_executor.executor.parallel:closing loop
[2.284s] DEBUG:colcon.colcon_parallel_executor.executor.parallel:loop closed
[2.285s] DEBUG:colcon.colcon_parallel_executor.executor.parallel:run_until_complete finished with '0'
[2.285s] DEBUG:colcon.colcon_core.event_reactor:joining thread
[2.300s] INFO:colcon.colcon_core.plugin_system:Skipping extension 'colcon_notification.desktop_notification.notify_send': Could not find 'notify-send'
[2.301s] INFO:colcon.colcon_core.plugin_system:Skipping extension 'colcon_notification.desktop_notification.terminal_notifier': Not used on non-Darwin systems
[2.301s] INFO:colcon.colcon_core.plugin_system:Skipping extension 'colcon_notification.desktop_notification.win32': Not used on non-Windows systems
[2.301s] INFO:colcon.colcon_notification.desktop_notification:Sending desktop notification using 'notify2'
[2.310s] DEBUG:colcon.colcon_notification.desktop_notification.notify2:Failed to initialize notify2: org.freedesktop.DBus.Error.ServiceUnknown: The name org.freedesktop.Notifications was not provided by any .service files
[2.310s] DEBUG:colcon.colcon_core.event_reactor:joined thread
[2.313s] INFO:colcon.colcon_core.shell:Creating prefix script '/my_new_project/dev_ws/src/my_package/install/local_setup.ps1'
[2.316s] INFO:colcon.colcon_core.shell:Creating prefix util module '/my_new_project/dev_ws/src/my_package/install/_local_setup_util_ps1.py'
[2.319s] INFO:colcon.colcon_core.shell:Creating prefix chain script '/my_new_project/dev_ws/src/my_package/install/setup.ps1'
[2.322s] INFO:colcon.colcon_core.shell:Creating prefix script '/my_new_project/dev_ws/src/my_package/install/local_setup.sh'
[2.324s] INFO:colcon.colcon_core.shell:Creating prefix util module '/my_new_project/dev_ws/src/my_package/install/_local_setup_util_sh.py'
[2.326s] INFO:colcon.colcon_core.shell:Creating prefix chain script '/my_new_project/dev_ws/src/my_package/install/setup.sh'
[2.331s] INFO:colcon.colcon_core.shell:Creating prefix script '/my_new_project/dev_ws/src/my_package/install/local_setup.bash'
[2.333s] INFO:colcon.colcon_core.shell:Creating prefix chain script '/my_new_project/dev_ws/src/my_package/install/setup.bash'
[2.336s] INFO:colcon.colcon_core.shell:Creating prefix script '/my_new_project/dev_ws/src/my_package/install/local_setup.zsh'
[2.338s] INFO:colcon.colcon_core.shell:Creating prefix chain script '/my_new_project/dev_ws/src/my_package/install/setup.zsh'
