[0.435s] DEBUG:colcon:Command line arguments: ['/usr/bin/colcon', 'build', '--symlink-install']
[0.435s] DEBUG:colcon:Parsed command line arguments: Namespace(ament_cmake_args=None, base_paths=['.'], build_base='build', catkin_cmake_args=None, catkin_skip_building_tests=False, cmake_args=None, cmake_clean_cache=False, cmake_clean_first=False, cmake_force_configure=False, cmake_target=None, cmake_target_skip_unavailable=False, continue_on_error=False, event_handlers=None, executor='parallel', ignore_user_meta=False, install_base='install', log_base=None, log_level=None, main=<bound method BuildVerb.main of <colcon_core.verb.build.BuildVerb object at 0x7faa1c51da60>>, merge_install=False, metas=['./colcon.meta'], mixin=None, mixin_files=None, mixin_verb=('build',), packages_above=None, packages_above_and_dependencies=None, packages_above_depth=None, packages_end=None, packages_ignore=None, packages_ignore_regex=None, packages_select=None, packages_select_build_failed=False, packages_select_by_dep=None, packages_select_regex=None, packages_select_test_failures=False, packages_skip=None, packages_skip_build_finished=False, packages_skip_by_dep=None, packages_skip_regex=None, packages_skip_test_passed=False, packages_skip_up_to=None, packages_start=None, packages_up_to=None, packages_up_to_regex=None, parallel_workers=8, paths=None, symlink_install=True, test_result_base=None, verb_extension=<colcon_core.verb.build.BuildVerb object at 0x7faa1c51da60>, verb_name='build', verb_parser=<colcon_mixin.mixin.mixin_argument.MixinArgumentDecorator object at 0x7faa1c4aa070>)
[0.480s] Level 1:colcon.colcon_core.package_discovery:discover_packages(colcon_meta) check parameters
[0.480s] Level 1:colcon.colcon_core.package_discovery:discover_packages(recursive) check parameters
[0.481s] Level 1:colcon.colcon_core.package_discovery:discover_packages(ignore) check parameters
[0.481s] Level 1:colcon.colcon_core.package_discovery:discover_packages(path) check parameters
[0.481s] Level 1:colcon.colcon_core.package_discovery:discover_packages(colcon_meta) discover
[0.481s] Level 1:colcon.colcon_core.package_discovery:discover_packages(recursive) discover
[0.481s] INFO:colcon.colcon_core.package_discovery:Crawling recursively for packages in '/my_new_project/dev_ws/src/my_package'
[0.482s] Level 1:colcon.colcon_core.package_identification:_identify(.) by extensions ['ignore', 'ignore_ament_install']
[0.482s] Level 1:colcon.colcon_core.package_identification:_identify(.) by extension 'ignore'
[0.482s] Level 1:colcon.colcon_core.package_identification:_identify(.) by extension 'ignore_ament_install'
[0.482s] Level 1:colcon.colcon_core.package_identification:_identify(.) by extensions ['colcon_pkg']
[0.483s] Level 1:colcon.colcon_core.package_identification:_identify(.) by extension 'colcon_pkg'
[0.483s] Level 1:colcon.colcon_core.package_identification:_identify(.) by extensions ['colcon_meta']
[0.483s] Level 1:colcon.colcon_core.package_identification:_identify(.) by extension 'colcon_meta'
[0.483s] Level 1:colcon.colcon_core.package_identification:_identify(.) by extensions ['ros']
[0.483s] Level 1:colcon.colcon_core.package_identification:_identify(.) by extension 'ros'
[0.511s] DEBUG:colcon.colcon_core.package_identification:Package '.' with type 'ros.ament_cmake' and name 'my_package'
[0.511s] Level 1:colcon.colcon_core.package_discovery:discover_packages(recursive) using defaults
[0.511s] Level 1:colcon.colcon_core.package_discovery:discover_packages(ignore) discover
[0.511s] Level 1:colcon.colcon_core.package_discovery:discover_packages(ignore) using defaults
[0.512s] Level 1:colcon.colcon_core.package_discovery:discover_packages(path) discover
[0.512s] Level 1:colcon.colcon_core.package_discovery:discover_packages(path) using defaults
[0.540s] Level 5:colcon.colcon_core.verb:set package 'my_package' build argument 'cmake_args' from command line to 'None'
[0.540s] Level 5:colcon.colcon_core.verb:set package 'my_package' build argument 'cmake_target' from command line to 'None'
[0.540s] Level 5:colcon.colcon_core.verb:set package 'my_package' build argument 'cmake_target_skip_unavailable' from command line to 'False'
[0.540s] Level 5:colcon.colcon_core.verb:set package 'my_package' build argument 'cmake_clean_cache' from command line to 'False'
[0.541s] Level 5:colcon.colcon_core.verb:set package 'my_package' build argument 'cmake_clean_first' from command line to 'False'
[0.541s] Level 5:colcon.colcon_core.verb:set package 'my_package' build argument 'cmake_force_configure' from command line to 'False'
[0.541s] Level 5:colcon.colcon_core.verb:set package 'my_package' build argument 'ament_cmake_args' from command line to 'None'
[0.541s] Level 5:colcon.colcon_core.verb:set package 'my_package' build argument 'catkin_cmake_args' from command line to 'None'
[0.541s] Level 5:colcon.colcon_core.verb:set package 'my_package' build argument 'catkin_skip_building_tests' from command line to 'False'
[0.541s] DEBUG:colcon.colcon_core.verb:Building package 'my_package' with the following arguments: {'ament_cmake_args': None, 'build_base': '/my_new_project/dev_ws/src/my_package/build/my_package', 'catkin_cmake_args': None, 'catkin_skip_building_tests': False, 'cmake_args': None, 'cmake_clean_cache': False, 'cmake_clean_first': False, 'cmake_force_configure': False, 'cmake_target': None, 'cmake_target_skip_unavailable': False, 'install_base': '/my_new_project/dev_ws/src/my_package/install/my_package', 'merge_install': False, 'path': '/my_new_project/dev_ws/src/my_package', 'symlink_install': True, 'test_result_base': None}
[0.543s] INFO:colcon.colcon_core.executor:Executing jobs using 'parallel' executor
[0.546s] DEBUG:colcon.colcon_parallel_executor.executor.parallel:run_until_complete
[0.547s] INFO:colcon.colcon_ros.task.ament_cmake.build:Building ROS package in '/my_new_project/dev_ws/src/my_package' with build type 'ament_cmake'
[0.547s] INFO:colcon.colcon_cmake.task.cmake.build:Building CMake package in '/my_new_project/dev_ws/src/my_package'
[0.556s] INFO:colcon.colcon_core.plugin_system:Skipping extension 'colcon_core.shell.bat': Not used on non-Windows systems
[0.557s] INFO:colcon.colcon_core.shell:Skip shell extension 'powershell' for command environment: Not usable outside of PowerShell
[0.557s] DEBUG:colcon.colcon_core.shell:Skip shell extension 'dsv' for command environment
[0.619s] DEBUG:colcon.colcon_core.event_handler.log_command:Invoking command in '/my_new_project/dev_ws/src/my_package/build/my_package': CMAKE_PREFIX_PATH=${CMAKE_PREFIX_PATH}:/opt/ros/foxy /usr/bin/cmake --build /my_new_project/dev_ws/src/my_package/build/my_package -- -j8 -l8
[0.714s] DEBUG:colcon.colcon_core.event_handler.log_command:Invoked command in '/my_new_project/dev_ws/src/my_package/build/my_package' returned '0': CMAKE_PREFIX_PATH=${CMAKE_PREFIX_PATH}:/opt/ros/foxy /usr/bin/cmake --build /my_new_project/dev_ws/src/my_package/build/my_package -- -j8 -l8
[0.769s] DEBUG:colcon.colcon_core.event_handler.log_command:Invoking command in '/my_new_project/dev_ws/src/my_package/build/my_package': CMAKE_PREFIX_PATH=${CMAKE_PREFIX_PATH}:/opt/ros/foxy /usr/bin/cmake --install /my_new_project/dev_ws/src/my_package/build/my_package
[0.907s] Level 1:colcon.colcon_core.environment:create_environment_scripts_only(my_package)
[0.917s] DEBUG:colcon.colcon_core.event_handler.log_command:Invoked command in '/my_new_project/dev_ws/src/my_package/build/my_package' returned '0': CMAKE_PREFIX_PATH=${CMAKE_PREFIX_PATH}:/opt/ros/foxy /usr/bin/cmake --install /my_new_project/dev_ws/src/my_package/build/my_package
[0.931s] Level 1:colcon.colcon_core.environment:checking '/my_new_project/dev_ws/src/my_package/install/my_package' for CMake module files
[0.933s] Level 1:colcon.colcon_core.environment:checking '/my_new_project/dev_ws/src/my_package/install/my_package' for CMake config files
[0.937s] Level 1:colcon.colcon_core.shell:create_environment_hook('my_package', 'cmake_prefix_path')
[0.939s] INFO:colcon.colcon_core.shell:Creating environment hook '/my_new_project/dev_ws/src/my_package/install/my_package/share/my_package/hook/cmake_prefix_path.ps1'
[0.943s] INFO:colcon.colcon_core.shell:Creating environment descriptor '/my_new_project/dev_ws/src/my_package/install/my_package/share/my_package/hook/cmake_prefix_path.dsv'
[0.945s] INFO:colcon.colcon_core.shell:Creating environment hook '/my_new_project/dev_ws/src/my_package/install/my_package/share/my_package/hook/cmake_prefix_path.sh'
[0.948s] Level 1:colcon.colcon_core.environment:checking '/my_new_project/dev_ws/src/my_package/install/my_package/bin'
[0.948s] Level 1:colcon.colcon_core.environment:checking '/my_new_project/dev_ws/src/my_package/install/my_package/lib/pkgconfig/my_package.pc'
[0.950s] Level 1:colcon.colcon_core.environment:checking '/my_new_project/dev_ws/src/my_package/install/my_package/lib/python3.8/site-packages'
[0.950s] Level 1:colcon.colcon_core.environment:checking '/my_new_project/dev_ws/src/my_package/install/my_package/bin'
[0.952s] INFO:colcon.colcon_core.shell:Creating package script '/my_new_project/dev_ws/src/my_package/install/my_package/share/my_package/package.ps1'
[0.954s] INFO:colcon.colcon_core.shell:Creating package descriptor '/my_new_project/dev_ws/src/my_package/install/my_package/share/my_package/package.dsv'
[0.956s] INFO:colcon.colcon_core.shell:Creating package script '/my_new_project/dev_ws/src/my_package/install/my_package/share/my_package/package.sh'
[0.959s] INFO:colcon.colcon_core.shell:Creating package script '/my_new_project/dev_ws/src/my_package/install/my_package/share/my_package/package.bash'
[0.961s] INFO:colcon.colcon_core.shell:Creating package script '/my_new_project/dev_ws/src/my_package/install/my_package/share/my_package/package.zsh'
[0.966s] Level 1:colcon.colcon_core.environment:create_file_with_runtime_dependencies(/my_new_project/dev_ws/src/my_package/install/my_package/share/colcon-core/packages/my_package)
[1.017s] Level 1:colcon.colcon_core.environment:create_environment_scripts_only(my_package)
[1.023s] Level 1:colcon.colcon_core.environment:checking '/my_new_project/dev_ws/src/my_package/install/my_package' for CMake module files
[1.027s] Level 1:colcon.colcon_core.environment:checking '/my_new_project/dev_ws/src/my_package/install/my_package' for CMake config files
[1.032s] Level 1:colcon.colcon_core.shell:create_environment_hook('my_package', 'cmake_prefix_path')
[1.036s] INFO:colcon.colcon_core.shell:Creating environment hook '/my_new_project/dev_ws/src/my_package/install/my_package/share/my_package/hook/cmake_prefix_path.ps1'
[1.038s] INFO:colcon.colcon_core.shell:Creating environment descriptor '/my_new_project/dev_ws/src/my_package/install/my_package/share/my_package/hook/cmake_prefix_path.dsv'
[1.039s] INFO:colcon.colcon_core.shell:Creating environment hook '/my_new_project/dev_ws/src/my_package/install/my_package/share/my_package/hook/cmake_prefix_path.sh'
[1.043s] Level 1:colcon.colcon_core.environment:checking '/my_new_project/dev_ws/src/my_package/install/my_package/bin'
[1.044s] Level 1:colcon.colcon_core.environment:checking '/my_new_project/dev_ws/src/my_package/install/my_package/lib/pkgconfig/my_package.pc'
[1.044s] Level 1:colcon.colcon_core.environment:checking '/my_new_project/dev_ws/src/my_package/install/my_package/lib/python3.8/site-packages'
[1.045s] Level 1:colcon.colcon_core.environment:checking '/my_new_project/dev_ws/src/my_package/install/my_package/bin'
[1.049s] INFO:colcon.colcon_core.shell:Creating package script '/my_new_project/dev_ws/src/my_package/install/my_package/share/my_package/package.ps1'
[1.052s] INFO:colcon.colcon_core.shell:Creating package descriptor '/my_new_project/dev_ws/src/my_package/install/my_package/share/my_package/package.dsv'
[1.054s] INFO:colcon.colcon_core.shell:Creating package script '/my_new_project/dev_ws/src/my_package/install/my_package/share/my_package/package.sh'
[1.057s] INFO:colcon.colcon_core.shell:Creating package script '/my_new_project/dev_ws/src/my_package/install/my_package/share/my_package/package.bash'
[1.059s] INFO:colcon.colcon_core.shell:Creating package script '/my_new_project/dev_ws/src/my_package/install/my_package/share/my_package/package.zsh'
[1.063s] Level 1:colcon.colcon_core.environment:create_file_with_runtime_dependencies(/my_new_project/dev_ws/src/my_package/install/my_package/share/colcon-core/packages/my_package)
[1.065s] DEBUG:colcon.colcon_parallel_executor.executor.parallel:closing loop
[1.065s] DEBUG:colcon.colcon_parallel_executor.executor.parallel:loop closed
[1.066s] DEBUG:colcon.colcon_parallel_executor.executor.parallel:run_until_complete finished with '0'
[1.066s] DEBUG:colcon.colcon_core.event_reactor:joining thread
[1.096s] INFO:colcon.colcon_core.plugin_system:Skipping extension 'colcon_notification.desktop_notification.notify_send': Could not find 'notify-send'
[1.098s] INFO:colcon.colcon_core.plugin_system:Skipping extension 'colcon_notification.desktop_notification.terminal_notifier': Not used on non-Darwin systems
[1.098s] INFO:colcon.colcon_core.plugin_system:Skipping extension 'colcon_notification.desktop_notification.win32': Not used on non-Windows systems
[1.099s] INFO:colcon.colcon_notification.desktop_notification:Sending desktop notification using 'notify2'
[1.121s] DEBUG:colcon.colcon_notification.desktop_notification.notify2:Failed to initialize notify2: org.freedesktop.DBus.Error.ServiceUnknown: The name org.freedesktop.Notifications was not provided by any .service files
[1.122s] DEBUG:colcon.colcon_core.event_reactor:joined thread
[1.126s] INFO:colcon.colcon_core.shell:Creating prefix script '/my_new_project/dev_ws/src/my_package/install/local_setup.ps1'
[1.130s] INFO:colcon.colcon_core.shell:Creating prefix util module '/my_new_project/dev_ws/src/my_package/install/_local_setup_util_ps1.py'
[1.135s] INFO:colcon.colcon_core.shell:Creating prefix chain script '/my_new_project/dev_ws/src/my_package/install/setup.ps1'
[1.142s] INFO:colcon.colcon_core.shell:Creating prefix script '/my_new_project/dev_ws/src/my_package/install/local_setup.sh'
[1.147s] INFO:colcon.colcon_core.shell:Creating prefix util module '/my_new_project/dev_ws/src/my_package/install/_local_setup_util_sh.py'
[1.150s] INFO:colcon.colcon_core.shell:Creating prefix chain script '/my_new_project/dev_ws/src/my_package/install/setup.sh'
[1.167s] INFO:colcon.colcon_core.shell:Creating prefix script '/my_new_project/dev_ws/src/my_package/install/local_setup.bash'
[1.170s] INFO:colcon.colcon_core.shell:Creating prefix chain script '/my_new_project/dev_ws/src/my_package/install/setup.bash'
[1.185s] INFO:colcon.colcon_core.shell:Creating prefix script '/my_new_project/dev_ws/src/my_package/install/local_setup.zsh'
[1.191s] INFO:colcon.colcon_core.shell:Creating prefix chain script '/my_new_project/dev_ws/src/my_package/install/setup.zsh'
