[0.353s] DEBUG:colcon:Command line arguments: ['/usr/bin/colcon', 'build', '--symlink-install']
[0.354s] DEBUG:colcon:Parsed command line arguments: Namespace(ament_cmake_args=None, base_paths=['.'], build_base='build', catkin_cmake_args=None, catkin_skip_building_tests=False, cmake_args=None, cmake_clean_cache=False, cmake_clean_first=False, cmake_force_configure=False, cmake_target=None, cmake_target_skip_unavailable=False, continue_on_error=False, event_handlers=None, executor='parallel', ignore_user_meta=False, install_base='install', log_base=None, log_level=None, main=<bound method BuildVerb.main of <colcon_core.verb.build.BuildVerb object at 0x7faa5315b910>>, merge_install=False, metas=['./colcon.meta'], mixin=None, mixin_files=None, mixin_verb=('build',), packages_above=None, packages_above_and_dependencies=None, packages_above_depth=None, packages_end=None, packages_ignore=None, packages_ignore_regex=None, packages_select=None, packages_select_build_failed=False, packages_select_by_dep=None, packages_select_regex=None, packages_select_test_failures=False, packages_skip=None, packages_skip_build_finished=False, packages_skip_by_dep=None, packages_skip_regex=None, packages_skip_test_passed=False, packages_skip_up_to=None, packages_start=None, packages_up_to=None, packages_up_to_regex=None, parallel_workers=8, paths=None, symlink_install=True, test_result_base=None, verb_extension=<colcon_core.verb.build.BuildVerb object at 0x7faa5315b910>, verb_name='build', verb_parser=<colcon_mixin.mixin.mixin_argument.MixinArgumentDecorator object at 0x7faa5315bee0>)
[0.398s] Level 1:colcon.colcon_core.package_discovery:discover_packages(colcon_meta) check parameters
[0.399s] Level 1:colcon.colcon_core.package_discovery:discover_packages(recursive) check parameters
[0.399s] Level 1:colcon.colcon_core.package_discovery:discover_packages(ignore) check parameters
[0.399s] Level 1:colcon.colcon_core.package_discovery:discover_packages(path) check parameters
[0.399s] Level 1:colcon.colcon_core.package_discovery:discover_packages(colcon_meta) discover
[0.399s] Level 1:colcon.colcon_core.package_discovery:discover_packages(recursive) discover
[0.400s] INFO:colcon.colcon_core.package_discovery:Crawling recursively for packages in '/my_new_project/dev_ws/src/my_package'
[0.400s] Level 1:colcon.colcon_core.package_identification:_identify(.) by extensions ['ignore', 'ignore_ament_install']
[0.400s] Level 1:colcon.colcon_core.package_identification:_identify(.) by extension 'ignore'
[0.401s] Level 1:colcon.colcon_core.package_identification:_identify(.) by extension 'ignore_ament_install'
[0.401s] Level 1:colcon.colcon_core.package_identification:_identify(.) by extensions ['colcon_pkg']
[0.401s] Level 1:colcon.colcon_core.package_identification:_identify(.) by extension 'colcon_pkg'
[0.401s] Level 1:colcon.colcon_core.package_identification:_identify(.) by extensions ['colcon_meta']
[0.402s] Level 1:colcon.colcon_core.package_identification:_identify(.) by extension 'colcon_meta'
[0.402s] Level 1:colcon.colcon_core.package_identification:_identify(.) by extensions ['ros']
[0.402s] Level 1:colcon.colcon_core.package_identification:_identify(.) by extension 'ros'
[0.429s] DEBUG:colcon.colcon_core.package_identification:Package '.' with type 'ros.ament_cmake' and name 'my_package'
[0.430s] Level 1:colcon.colcon_core.package_discovery:discover_packages(recursive) using defaults
[0.430s] Level 1:colcon.colcon_core.package_discovery:discover_packages(ignore) discover
[0.430s] Level 1:colcon.colcon_core.package_discovery:discover_packages(ignore) using defaults
[0.430s] Level 1:colcon.colcon_core.package_discovery:discover_packages(path) discover
[0.431s] Level 1:colcon.colcon_core.package_discovery:discover_packages(path) using defaults
[0.456s] Level 5:colcon.colcon_core.verb:set package 'my_package' build argument 'cmake_args' from command line to 'None'
[0.457s] Level 5:colcon.colcon_core.verb:set package 'my_package' build argument 'cmake_target' from command line to 'None'
[0.457s] Level 5:colcon.colcon_core.verb:set package 'my_package' build argument 'cmake_target_skip_unavailable' from command line to 'False'
[0.457s] Level 5:colcon.colcon_core.verb:set package 'my_package' build argument 'cmake_clean_cache' from command line to 'False'
[0.457s] Level 5:colcon.colcon_core.verb:set package 'my_package' build argument 'cmake_clean_first' from command line to 'False'
[0.457s] Level 5:colcon.colcon_core.verb:set package 'my_package' build argument 'cmake_force_configure' from command line to 'False'
[0.457s] Level 5:colcon.colcon_core.verb:set package 'my_package' build argument 'ament_cmake_args' from command line to 'None'
[0.457s] Level 5:colcon.colcon_core.verb:set package 'my_package' build argument 'catkin_cmake_args' from command line to 'None'
[0.457s] Level 5:colcon.colcon_core.verb:set package 'my_package' build argument 'catkin_skip_building_tests' from command line to 'False'
[0.457s] DEBUG:colcon.colcon_core.verb:Building package 'my_package' with the following arguments: {'ament_cmake_args': None, 'build_base': '/my_new_project/dev_ws/src/my_package/build/my_package', 'catkin_cmake_args': None, 'catkin_skip_building_tests': False, 'cmake_args': None, 'cmake_clean_cache': False, 'cmake_clean_first': False, 'cmake_force_configure': False, 'cmake_target': None, 'cmake_target_skip_unavailable': False, 'install_base': '/my_new_project/dev_ws/src/my_package/install/my_package', 'merge_install': False, 'path': '/my_new_project/dev_ws/src/my_package', 'symlink_install': True, 'test_result_base': None}
[0.458s] INFO:colcon.colcon_core.executor:Executing jobs using 'parallel' executor
[0.462s] DEBUG:colcon.colcon_parallel_executor.executor.parallel:run_until_complete
[0.463s] INFO:colcon.colcon_ros.task.ament_cmake.build:Building ROS package in '/my_new_project/dev_ws/src/my_package' with build type 'ament_cmake'
[0.464s] INFO:colcon.colcon_cmake.task.cmake.build:Building CMake package in '/my_new_project/dev_ws/src/my_package'
[0.472s] INFO:colcon.colcon_core.plugin_system:Skipping extension 'colcon_core.shell.bat': Not used on non-Windows systems
[0.473s] INFO:colcon.colcon_core.shell:Skip shell extension 'powershell' for command environment: Not usable outside of PowerShell
[0.473s] DEBUG:colcon.colcon_core.shell:Skip shell extension 'dsv' for command environment
[0.535s] DEBUG:colcon.colcon_core.event_handler.log_command:Invoking command in '/my_new_project/dev_ws/src/my_package/build/my_package': CMAKE_PREFIX_PATH=${CMAKE_PREFIX_PATH}:/opt/ros/foxy /usr/bin/cmake --build /my_new_project/dev_ws/src/my_package/build/my_package -- -j8 -l8
[0.609s] DEBUG:colcon.colcon_core.event_handler.log_command:Invoked command in '/my_new_project/dev_ws/src/my_package/build/my_package' returned '0': CMAKE_PREFIX_PATH=${CMAKE_PREFIX_PATH}:/opt/ros/foxy /usr/bin/cmake --build /my_new_project/dev_ws/src/my_package/build/my_package -- -j8 -l8
[0.669s] DEBUG:colcon.colcon_core.event_handler.log_command:Invoking command in '/my_new_project/dev_ws/src/my_package/build/my_package': CMAKE_PREFIX_PATH=${CMAKE_PREFIX_PATH}:/opt/ros/foxy /usr/bin/cmake --install /my_new_project/dev_ws/src/my_package/build/my_package
[0.792s] Level 1:colcon.colcon_core.environment:create_environment_scripts_only(my_package)
[0.794s] DEBUG:colcon.colcon_core.event_handler.log_command:Invoked command in '/my_new_project/dev_ws/src/my_package/build/my_package' returned '0': CMAKE_PREFIX_PATH=${CMAKE_PREFIX_PATH}:/opt/ros/foxy /usr/bin/cmake --install /my_new_project/dev_ws/src/my_package/build/my_package
[0.805s] Level 1:colcon.colcon_core.environment:checking '/my_new_project/dev_ws/src/my_package/install/my_package' for CMake module files
[0.812s] Level 1:colcon.colcon_core.environment:checking '/my_new_project/dev_ws/src/my_package/install/my_package' for CMake config files
[0.823s] Level 1:colcon.colcon_core.shell:create_environment_hook('my_package', 'cmake_prefix_path')
[0.826s] INFO:colcon.colcon_core.shell:Creating environment hook '/my_new_project/dev_ws/src/my_package/install/my_package/share/my_package/hook/cmake_prefix_path.ps1'
[0.829s] INFO:colcon.colcon_core.shell:Creating environment descriptor '/my_new_project/dev_ws/src/my_package/install/my_package/share/my_package/hook/cmake_prefix_path.dsv'
[0.831s] INFO:colcon.colcon_core.shell:Creating environment hook '/my_new_project/dev_ws/src/my_package/install/my_package/share/my_package/hook/cmake_prefix_path.sh'
[0.833s] Level 1:colcon.colcon_core.environment:checking '/my_new_project/dev_ws/src/my_package/install/my_package/bin'
[0.834s] Level 1:colcon.colcon_core.environment:checking '/my_new_project/dev_ws/src/my_package/install/my_package/lib/pkgconfig/my_package.pc'
[0.836s] Level 1:colcon.colcon_core.environment:checking '/my_new_project/dev_ws/src/my_package/install/my_package/lib/python3.8/site-packages'
[0.837s] Level 1:colcon.colcon_core.environment:checking '/my_new_project/dev_ws/src/my_package/install/my_package/bin'
[0.839s] INFO:colcon.colcon_core.shell:Creating package script '/my_new_project/dev_ws/src/my_package/install/my_package/share/my_package/package.ps1'
[0.841s] INFO:colcon.colcon_core.shell:Creating package descriptor '/my_new_project/dev_ws/src/my_package/install/my_package/share/my_package/package.dsv'
[0.843s] INFO:colcon.colcon_core.shell:Creating package script '/my_new_project/dev_ws/src/my_package/install/my_package/share/my_package/package.sh'
[0.845s] INFO:colcon.colcon_core.shell:Creating package script '/my_new_project/dev_ws/src/my_package/install/my_package/share/my_package/package.bash'
[0.847s] INFO:colcon.colcon_core.shell:Creating package script '/my_new_project/dev_ws/src/my_package/install/my_package/share/my_package/package.zsh'
[0.849s] Level 1:colcon.colcon_core.environment:create_file_with_runtime_dependencies(/my_new_project/dev_ws/src/my_package/install/my_package/share/colcon-core/packages/my_package)
[0.886s] Level 1:colcon.colcon_core.environment:create_environment_scripts_only(my_package)
[0.890s] Level 1:colcon.colcon_core.environment:checking '/my_new_project/dev_ws/src/my_package/install/my_package' for CMake module files
[0.896s] Level 1:colcon.colcon_core.environment:checking '/my_new_project/dev_ws/src/my_package/install/my_package' for CMake config files
[0.909s] Level 1:colcon.colcon_core.shell:create_environment_hook('my_package', 'cmake_prefix_path')
[0.912s] INFO:colcon.colcon_core.shell:Creating environment hook '/my_new_project/dev_ws/src/my_package/install/my_package/share/my_package/hook/cmake_prefix_path.ps1'
[0.918s] INFO:colcon.colcon_core.shell:Creating environment descriptor '/my_new_project/dev_ws/src/my_package/install/my_package/share/my_package/hook/cmake_prefix_path.dsv'
[0.922s] INFO:colcon.colcon_core.shell:Creating environment hook '/my_new_project/dev_ws/src/my_package/install/my_package/share/my_package/hook/cmake_prefix_path.sh'
[0.930s] Level 1:colcon.colcon_core.environment:checking '/my_new_project/dev_ws/src/my_package/install/my_package/bin'
[0.931s] Level 1:colcon.colcon_core.environment:checking '/my_new_project/dev_ws/src/my_package/install/my_package/lib/pkgconfig/my_package.pc'
[0.933s] Level 1:colcon.colcon_core.environment:checking '/my_new_project/dev_ws/src/my_package/install/my_package/lib/python3.8/site-packages'
[0.934s] Level 1:colcon.colcon_core.environment:checking '/my_new_project/dev_ws/src/my_package/install/my_package/bin'
[0.938s] INFO:colcon.colcon_core.shell:Creating package script '/my_new_project/dev_ws/src/my_package/install/my_package/share/my_package/package.ps1'
[0.942s] INFO:colcon.colcon_core.shell:Creating package descriptor '/my_new_project/dev_ws/src/my_package/install/my_package/share/my_package/package.dsv'
[0.945s] INFO:colcon.colcon_core.shell:Creating package script '/my_new_project/dev_ws/src/my_package/install/my_package/share/my_package/package.sh'
[0.948s] INFO:colcon.colcon_core.shell:Creating package script '/my_new_project/dev_ws/src/my_package/install/my_package/share/my_package/package.bash'
[0.950s] INFO:colcon.colcon_core.shell:Creating package script '/my_new_project/dev_ws/src/my_package/install/my_package/share/my_package/package.zsh'
[0.953s] Level 1:colcon.colcon_core.environment:create_file_with_runtime_dependencies(/my_new_project/dev_ws/src/my_package/install/my_package/share/colcon-core/packages/my_package)
[0.956s] DEBUG:colcon.colcon_parallel_executor.executor.parallel:closing loop
[0.956s] DEBUG:colcon.colcon_parallel_executor.executor.parallel:loop closed
[0.957s] DEBUG:colcon.colcon_parallel_executor.executor.parallel:run_until_complete finished with '0'
[0.957s] DEBUG:colcon.colcon_core.event_reactor:joining thread
[0.972s] INFO:colcon.colcon_core.plugin_system:Skipping extension 'colcon_notification.desktop_notification.notify_send': Could not find 'notify-send'
[0.972s] INFO:colcon.colcon_core.plugin_system:Skipping extension 'colcon_notification.desktop_notification.terminal_notifier': Not used on non-Darwin systems
[0.973s] INFO:colcon.colcon_core.plugin_system:Skipping extension 'colcon_notification.desktop_notification.win32': Not used on non-Windows systems
[0.973s] INFO:colcon.colcon_notification.desktop_notification:Sending desktop notification using 'notify2'
[0.983s] DEBUG:colcon.colcon_notification.desktop_notification.notify2:Failed to initialize notify2: org.freedesktop.DBus.Error.ServiceUnknown: The name org.freedesktop.Notifications was not provided by any .service files
[0.984s] DEBUG:colcon.colcon_core.event_reactor:joined thread
[0.988s] INFO:colcon.colcon_core.shell:Creating prefix script '/my_new_project/dev_ws/src/my_package/install/local_setup.ps1'
[0.992s] INFO:colcon.colcon_core.shell:Creating prefix util module '/my_new_project/dev_ws/src/my_package/install/_local_setup_util_ps1.py'
[0.998s] INFO:colcon.colcon_core.shell:Creating prefix chain script '/my_new_project/dev_ws/src/my_package/install/setup.ps1'
[1.006s] INFO:colcon.colcon_core.shell:Creating prefix script '/my_new_project/dev_ws/src/my_package/install/local_setup.sh'
[1.011s] INFO:colcon.colcon_core.shell:Creating prefix util module '/my_new_project/dev_ws/src/my_package/install/_local_setup_util_sh.py'
[1.015s] INFO:colcon.colcon_core.shell:Creating prefix chain script '/my_new_project/dev_ws/src/my_package/install/setup.sh'
[1.023s] INFO:colcon.colcon_core.shell:Creating prefix script '/my_new_project/dev_ws/src/my_package/install/local_setup.bash'
[1.030s] INFO:colcon.colcon_core.shell:Creating prefix chain script '/my_new_project/dev_ws/src/my_package/install/setup.bash'
[1.038s] INFO:colcon.colcon_core.shell:Creating prefix script '/my_new_project/dev_ws/src/my_package/install/local_setup.zsh'
[1.041s] INFO:colcon.colcon_core.shell:Creating prefix chain script '/my_new_project/dev_ws/src/my_package/install/setup.zsh'
