[0.061s] Invoking command in '/my_new_project/dev_ws/src/my_package/build/my_package': CMAKE_PREFIX_PATH=/opt/ros/foxy /usr/bin/cmake /my_new_project/dev_ws/src/my_package -DAMENT_CMAKE_SYMLINK_INSTALL=1 -DCMAKE_INSTALL_PREFIX=/my_new_project/dev_ws/src/my_package/install/my_package
[0.169s] -- Found ament_cmake: 0.9.12 (/opt/ros/foxy/share/ament_cmake/cmake)
[0.204s] -- Using PYTHON_EXECUTABLE: /usr/bin/python3
[0.388s] -- Override CMake install command with custom implementation using symlinks instead of copying resources
[0.446s] -- Found ament_lint_auto: 0.9.8 (/opt/ros/foxy/share/ament_lint_auto/cmake)
[0.633s] -- Added test 'copyright' to check source files copyright and LICENSE
[0.908s] -- Added test 'cppcheck' to perform static code analysis on C / C++ code
[0.909s] -- Configured cppcheck include dirs: 
[0.909s] -- Configured cppcheck exclude dirs and/or files: 
[1.174s] -- Added test 'cpplint' to check C / C++ code against the Google style
[1.174s] -- Configured cpplint exclude dirs and/or files: 
[1.197s] -- Added test 'flake8' to check Python code syntax and style conventions
[1.264s] -- Added test 'lint_cmake' to check CMake code style
[1.291s] -- Added test 'pep257' to check Python code against some of the style conventions in PEP 257
[1.562s] -- Added test 'uncrustify' to check C / C++ code style
[1.562s] -- Configured uncrustify additional arguments: 
[1.591s] -- Added test 'xmllint' to check XML markup files
[1.599s] -- Configuring done
[1.620s] -- Generating done
[1.640s] -- Build files have been written to: /my_new_project/dev_ws/src/my_package/build/my_package
[1.652s] Invoked command in '/my_new_project/dev_ws/src/my_package/build/my_package' returned '0': CMAKE_PREFIX_PATH=/opt/ros/foxy /usr/bin/cmake /my_new_project/dev_ws/src/my_package -DAMENT_CMAKE_SYMLINK_INSTALL=1 -DCMAKE_INSTALL_PREFIX=/my_new_project/dev_ws/src/my_package/install/my_package
[1.662s] Invoking command in '/my_new_project/dev_ws/src/my_package/build/my_package': CMAKE_PREFIX_PATH=/opt/ros/foxy /usr/bin/cmake --build /my_new_project/dev_ws/src/my_package/build/my_package -- -j8 -l8
[1.718s] Invoked command in '/my_new_project/dev_ws/src/my_package/build/my_package' returned '0': CMAKE_PREFIX_PATH=/opt/ros/foxy /usr/bin/cmake --build /my_new_project/dev_ws/src/my_package/build/my_package -- -j8 -l8
[1.778s] Invoking command in '/my_new_project/dev_ws/src/my_package/build/my_package': CMAKE_PREFIX_PATH=/opt/ros/foxy /usr/bin/cmake --install /my_new_project/dev_ws/src/my_package/build/my_package
[1.790s] -- Install configuration: ""
[1.791s] -- Execute custom install script
[1.794s] -- Symlinking: /my_new_project/dev_ws/src/my_package/install/my_package/share/my_package/launch/display.launch.py
[1.813s] -- Symlinking: /my_new_project/dev_ws/src/my_package/install/my_package/share/my_package/launch/listener.launch.py
[1.823s] -- Symlinking: /my_new_project/dev_ws/src/my_package/install/my_package/share/my_package/launch/talker.launch.py
[1.848s] -- Symlinking: /my_new_project/dev_ws/src/my_package/install/my_package/share/my_package/urdf/my_materials.xacro
[1.867s] -- Symlinking: /my_new_project/dev_ws/src/my_package/install/my_package/share/my_package/urdf/robot_arm.urdf.xacro
[1.882s] -- Symlinking: /my_new_project/dev_ws/src/my_package/install/my_package/share/my_package/meshes/base.obj
[1.894s] -- Symlinking: /my_new_project/dev_ws/src/my_package/install/my_package/share/my_package/meshes/base.stl
[1.906s] -- Symlinking: /my_new_project/dev_ws/src/my_package/install/my_package/share/my_package/meshes/hello.txt
[1.919s] -- Symlinking: /my_new_project/dev_ws/src/my_package/install/my_package/share/my_package/meshes/j1.obj
[1.938s] -- Symlinking: /my_new_project/dev_ws/src/my_package/install/my_package/share/my_package/meshes/j1.stl
[1.963s] -- Symlinking: /my_new_project/dev_ws/src/my_package/install/my_package/share/my_package/meshes/j2.obj
[1.980s] -- Symlinking: /my_new_project/dev_ws/src/my_package/install/my_package/share/my_package/meshes/j2.stl
[1.995s] -- Symlinking: /my_new_project/dev_ws/src/my_package/install/my_package/share/my_package/meshes/j3.obj
[2.008s] -- Symlinking: /my_new_project/dev_ws/src/my_package/install/my_package/share/my_package/meshes/j3.stl
[2.022s] -- Symlinking: /my_new_project/dev_ws/src/my_package/install/my_package/share/my_package/meshes/j4.obj
[2.039s] -- Symlinking: /my_new_project/dev_ws/src/my_package/install/my_package/share/my_package/meshes/j4.stl
[2.061s] -- Symlinking: /my_new_project/dev_ws/src/my_package/install/my_package/share/my_package/meshes/j5.obj
[2.076s] -- Symlinking: /my_new_project/dev_ws/src/my_package/install/my_package/share/my_package/meshes/j5.stl
[2.090s] -- Symlinking: /my_new_project/dev_ws/src/my_package/install/my_package/share/ament_index/resource_index/package_run_dependencies/my_package
[2.103s] -- Symlinking: /my_new_project/dev_ws/src/my_package/install/my_package/share/ament_index/resource_index/parent_prefix_path/my_package
[2.115s] -- Symlinking: /my_new_project/dev_ws/src/my_package/install/my_package/share/my_package/environment/ament_prefix_path.sh
[2.130s] -- Symlinking: /my_new_project/dev_ws/src/my_package/install/my_package/share/my_package/environment/ament_prefix_path.dsv
[2.158s] -- Symlinking: /my_new_project/dev_ws/src/my_package/install/my_package/share/my_package/environment/path.sh
[2.173s] -- Symlinking: /my_new_project/dev_ws/src/my_package/install/my_package/share/my_package/environment/path.dsv
[2.186s] -- Symlinking: /my_new_project/dev_ws/src/my_package/install/my_package/share/my_package/local_setup.bash
[2.199s] -- Symlinking: /my_new_project/dev_ws/src/my_package/install/my_package/share/my_package/local_setup.sh
[2.212s] -- Symlinking: /my_new_project/dev_ws/src/my_package/install/my_package/share/my_package/local_setup.zsh
[2.225s] -- Symlinking: /my_new_project/dev_ws/src/my_package/install/my_package/share/my_package/local_setup.dsv
[2.247s] -- Symlinking: /my_new_project/dev_ws/src/my_package/install/my_package/share/my_package/package.dsv
[2.267s] -- Symlinking: /my_new_project/dev_ws/src/my_package/install/my_package/share/ament_index/resource_index/packages/my_package
[2.282s] -- Symlinking: /my_new_project/dev_ws/src/my_package/install/my_package/share/my_package/cmake/my_packageConfig.cmake
[2.295s] -- Symlinking: /my_new_project/dev_ws/src/my_package/install/my_package/share/my_package/cmake/my_packageConfig-version.cmake
[2.309s] -- Symlinking: /my_new_project/dev_ws/src/my_package/install/my_package/share/my_package/package.xml
[2.327s] Invoked command in '/my_new_project/dev_ws/src/my_package/build/my_package' returned '0': CMAKE_PREFIX_PATH=/opt/ros/foxy /usr/bin/cmake --install /my_new_project/dev_ws/src/my_package/build/my_package
