[0.287s] DEBUG:colcon:Command line arguments: ['/usr/bin/colcon', 'build']
[0.287s] DEBUG:colcon:Parsed command line arguments: Namespace(ament_cmake_args=None, base_paths=['.'], build_base='build', catkin_cmake_args=None, catkin_skip_building_tests=False, cmake_args=None, cmake_clean_cache=False, cmake_clean_first=False, cmake_force_configure=False, cmake_target=None, cmake_target_skip_unavailable=False, continue_on_error=False, event_handlers=None, executor='parallel', ignore_user_meta=False, install_base='install', log_base=None, log_level=None, main=<bound method BuildVerb.main of <colcon_core.verb.build.BuildVerb object at 0x7f2b7f0cd880>>, merge_install=False, metas=['./colcon.meta'], mixin=None, mixin_files=None, mixin_verb=('build',), packages_above=None, packages_above_and_dependencies=None, packages_above_depth=None, packages_end=None, packages_ignore=None, packages_ignore_regex=None, packages_select=None, packages_select_build_failed=False, packages_select_by_dep=None, packages_select_regex=None, packages_select_test_failures=False, packages_skip=None, packages_skip_build_finished=False, packages_skip_by_dep=None, packages_skip_regex=None, packages_skip_test_passed=False, packages_skip_up_to=None, packages_start=None, packages_up_to=None, packages_up_to_regex=None, parallel_workers=8, paths=None, symlink_install=False, test_result_base=None, verb_extension=<colcon_core.verb.build.BuildVerb object at 0x7f2b7f0cd880>, verb_name='build', verb_parser=<colcon_mixin.mixin.mixin_argument.MixinArgumentDecorator object at 0x7f2b7f0cde50>)
[0.322s] Level 1:colcon.colcon_core.package_discovery:discover_packages(colcon_meta) check parameters
[0.322s] Level 1:colcon.colcon_core.package_discovery:discover_packages(recursive) check parameters
[0.322s] Level 1:colcon.colcon_core.package_discovery:discover_packages(ignore) check parameters
[0.323s] Level 1:colcon.colcon_core.package_discovery:discover_packages(path) check parameters
[0.323s] Level 1:colcon.colcon_core.package_discovery:discover_packages(colcon_meta) discover
[0.323s] Level 1:colcon.colcon_core.package_discovery:discover_packages(recursive) discover
[0.323s] INFO:colcon.colcon_core.package_discovery:Crawling recursively for packages in '/my_new_project/dev_ws/src/my_package'
[0.325s] Level 1:colcon.colcon_core.package_identification:_identify(.) by extensions ['ignore', 'ignore_ament_install']
[0.325s] Level 1:colcon.colcon_core.package_identification:_identify(.) by extension 'ignore'
[0.326s] Level 1:colcon.colcon_core.package_identification:_identify(.) by extension 'ignore_ament_install'
[0.327s] Level 1:colcon.colcon_core.package_identification:_identify(.) by extensions ['colcon_pkg']
[0.327s] Level 1:colcon.colcon_core.package_identification:_identify(.) by extension 'colcon_pkg'
[0.328s] Level 1:colcon.colcon_core.package_identification:_identify(.) by extensions ['colcon_meta']
[0.328s] Level 1:colcon.colcon_core.package_identification:_identify(.) by extension 'colcon_meta'
[0.328s] Level 1:colcon.colcon_core.package_identification:_identify(.) by extensions ['ros']
[0.328s] Level 1:colcon.colcon_core.package_identification:_identify(.) by extension 'ros'
[0.356s] DEBUG:colcon.colcon_core.package_identification:Package '.' with type 'ros.ament_cmake' and name 'my_package'
[0.356s] Level 1:colcon.colcon_core.package_discovery:discover_packages(recursive) using defaults
[0.356s] Level 1:colcon.colcon_core.package_discovery:discover_packages(ignore) discover
[0.356s] Level 1:colcon.colcon_core.package_discovery:discover_packages(ignore) using defaults
[0.357s] Level 1:colcon.colcon_core.package_discovery:discover_packages(path) discover
[0.357s] Level 1:colcon.colcon_core.package_discovery:discover_packages(path) using defaults
[0.381s] Level 5:colcon.colcon_core.verb:set package 'my_package' build argument 'cmake_args' from command line to 'None'
[0.381s] Level 5:colcon.colcon_core.verb:set package 'my_package' build argument 'cmake_target' from command line to 'None'
[0.381s] Level 5:colcon.colcon_core.verb:set package 'my_package' build argument 'cmake_target_skip_unavailable' from command line to 'False'
[0.381s] Level 5:colcon.colcon_core.verb:set package 'my_package' build argument 'cmake_clean_cache' from command line to 'False'
[0.382s] Level 5:colcon.colcon_core.verb:set package 'my_package' build argument 'cmake_clean_first' from command line to 'False'
[0.382s] Level 5:colcon.colcon_core.verb:set package 'my_package' build argument 'cmake_force_configure' from command line to 'False'
[0.382s] Level 5:colcon.colcon_core.verb:set package 'my_package' build argument 'ament_cmake_args' from command line to 'None'
[0.382s] Level 5:colcon.colcon_core.verb:set package 'my_package' build argument 'catkin_cmake_args' from command line to 'None'
[0.382s] Level 5:colcon.colcon_core.verb:set package 'my_package' build argument 'catkin_skip_building_tests' from command line to 'False'
[0.382s] DEBUG:colcon.colcon_core.verb:Building package 'my_package' with the following arguments: {'ament_cmake_args': None, 'build_base': '/my_new_project/dev_ws/src/my_package/build/my_package', 'catkin_cmake_args': None, 'catkin_skip_building_tests': False, 'cmake_args': None, 'cmake_clean_cache': False, 'cmake_clean_first': False, 'cmake_force_configure': False, 'cmake_target': None, 'cmake_target_skip_unavailable': False, 'install_base': '/my_new_project/dev_ws/src/my_package/install/my_package', 'merge_install': False, 'path': '/my_new_project/dev_ws/src/my_package', 'symlink_install': False, 'test_result_base': None}
[0.383s] INFO:colcon.colcon_core.executor:Executing jobs using 'parallel' executor
[0.388s] DEBUG:colcon.colcon_parallel_executor.executor.parallel:run_until_complete
[0.388s] INFO:colcon.colcon_ros.task.ament_cmake.build:Building ROS package in '/my_new_project/dev_ws/src/my_package' with build type 'ament_cmake'
[0.389s] INFO:colcon.colcon_cmake.task.cmake.build:Building CMake package in '/my_new_project/dev_ws/src/my_package'
[0.395s] INFO:colcon.colcon_core.plugin_system:Skipping extension 'colcon_core.shell.bat': Not used on non-Windows systems
[0.395s] INFO:colcon.colcon_core.shell:Skip shell extension 'powershell' for command environment: Not usable outside of PowerShell
[0.395s] DEBUG:colcon.colcon_core.shell:Skip shell extension 'dsv' for command environment
[0.443s] DEBUG:colcon.colcon_core.event_handler.log_command:Invoking command in '/my_new_project/dev_ws/src/my_package/build/my_package': CMAKE_PREFIX_PATH=/opt/ros/foxy /usr/bin/cmake /my_new_project/dev_ws/src/my_package -DCMAKE_INSTALL_PREFIX=/my_new_project/dev_ws/src/my_package/install/my_package
[2.392s] DEBUG:colcon.colcon_core.event_handler.log_command:Invoked command in '/my_new_project/dev_ws/src/my_package/build/my_package' returned '0': CMAKE_PREFIX_PATH=/opt/ros/foxy /usr/bin/cmake /my_new_project/dev_ws/src/my_package -DCMAKE_INSTALL_PREFIX=/my_new_project/dev_ws/src/my_package/install/my_package
[2.397s] DEBUG:colcon.colcon_core.event_handler.log_command:Invoking command in '/my_new_project/dev_ws/src/my_package/build/my_package': CMAKE_PREFIX_PATH=/opt/ros/foxy /usr/bin/cmake --build /my_new_project/dev_ws/src/my_package/build/my_package -- -j8 -l8
[2.481s] DEBUG:colcon.colcon_core.event_handler.log_command:Invoked command in '/my_new_project/dev_ws/src/my_package/build/my_package' returned '0': CMAKE_PREFIX_PATH=/opt/ros/foxy /usr/bin/cmake --build /my_new_project/dev_ws/src/my_package/build/my_package -- -j8 -l8
[2.533s] DEBUG:colcon.colcon_core.event_handler.log_command:Invoking command in '/my_new_project/dev_ws/src/my_package/build/my_package': CMAKE_PREFIX_PATH=/opt/ros/foxy /usr/bin/cmake --install /my_new_project/dev_ws/src/my_package/build/my_package
[3.100s] Level 1:colcon.colcon_core.environment:create_environment_scripts_only(my_package)
[3.107s] DEBUG:colcon.colcon_core.event_handler.log_command:Invoked command in '/my_new_project/dev_ws/src/my_package/build/my_package' returned '0': CMAKE_PREFIX_PATH=/opt/ros/foxy /usr/bin/cmake --install /my_new_project/dev_ws/src/my_package/build/my_package
[3.109s] Level 1:colcon.colcon_core.environment:checking '/my_new_project/dev_ws/src/my_package/install/my_package' for CMake module files
[3.111s] Level 1:colcon.colcon_core.environment:checking '/my_new_project/dev_ws/src/my_package/install/my_package' for CMake config files
[3.113s] Level 1:colcon.colcon_core.shell:create_environment_hook('my_package', 'cmake_prefix_path')
[3.114s] INFO:colcon.colcon_core.shell:Creating environment hook '/my_new_project/dev_ws/src/my_package/install/my_package/share/my_package/hook/cmake_prefix_path.ps1'
[3.116s] INFO:colcon.colcon_core.shell:Creating environment descriptor '/my_new_project/dev_ws/src/my_package/install/my_package/share/my_package/hook/cmake_prefix_path.dsv'
[3.118s] INFO:colcon.colcon_core.shell:Creating environment hook '/my_new_project/dev_ws/src/my_package/install/my_package/share/my_package/hook/cmake_prefix_path.sh'
[3.121s] Level 1:colcon.colcon_core.environment:checking '/my_new_project/dev_ws/src/my_package/install/my_package/bin'
[3.122s] Level 1:colcon.colcon_core.environment:checking '/my_new_project/dev_ws/src/my_package/install/my_package/lib/pkgconfig/my_package.pc'
[3.125s] Level 1:colcon.colcon_core.environment:checking '/my_new_project/dev_ws/src/my_package/install/my_package/lib/python3.8/site-packages'
[3.126s] Level 1:colcon.colcon_core.environment:checking '/my_new_project/dev_ws/src/my_package/install/my_package/bin'
[3.129s] INFO:colcon.colcon_core.shell:Creating package script '/my_new_project/dev_ws/src/my_package/install/my_package/share/my_package/package.ps1'
[3.136s] INFO:colcon.colcon_core.shell:Creating package descriptor '/my_new_project/dev_ws/src/my_package/install/my_package/share/my_package/package.dsv'
[3.140s] INFO:colcon.colcon_core.shell:Creating package script '/my_new_project/dev_ws/src/my_package/install/my_package/share/my_package/package.sh'
[3.145s] INFO:colcon.colcon_core.shell:Creating package script '/my_new_project/dev_ws/src/my_package/install/my_package/share/my_package/package.bash'
[3.151s] INFO:colcon.colcon_core.shell:Creating package script '/my_new_project/dev_ws/src/my_package/install/my_package/share/my_package/package.zsh'
[3.156s] Level 1:colcon.colcon_core.environment:create_file_with_runtime_dependencies(/my_new_project/dev_ws/src/my_package/install/my_package/share/colcon-core/packages/my_package)
[3.201s] Level 1:colcon.colcon_core.environment:create_environment_scripts_only(my_package)
[3.204s] Level 1:colcon.colcon_core.environment:checking '/my_new_project/dev_ws/src/my_package/install/my_package' for CMake module files
[3.206s] Level 1:colcon.colcon_core.environment:checking '/my_new_project/dev_ws/src/my_package/install/my_package' for CMake config files
[3.209s] Level 1:colcon.colcon_core.shell:create_environment_hook('my_package', 'cmake_prefix_path')
[3.210s] INFO:colcon.colcon_core.shell:Creating environment hook '/my_new_project/dev_ws/src/my_package/install/my_package/share/my_package/hook/cmake_prefix_path.ps1'
[3.211s] INFO:colcon.colcon_core.shell:Creating environment descriptor '/my_new_project/dev_ws/src/my_package/install/my_package/share/my_package/hook/cmake_prefix_path.dsv'
[3.213s] INFO:colcon.colcon_core.shell:Creating environment hook '/my_new_project/dev_ws/src/my_package/install/my_package/share/my_package/hook/cmake_prefix_path.sh'
[3.214s] Level 1:colcon.colcon_core.environment:checking '/my_new_project/dev_ws/src/my_package/install/my_package/bin'
[3.214s] Level 1:colcon.colcon_core.environment:checking '/my_new_project/dev_ws/src/my_package/install/my_package/lib/pkgconfig/my_package.pc'
[3.215s] Level 1:colcon.colcon_core.environment:checking '/my_new_project/dev_ws/src/my_package/install/my_package/lib/python3.8/site-packages'
[3.216s] Level 1:colcon.colcon_core.environment:checking '/my_new_project/dev_ws/src/my_package/install/my_package/bin'
[3.220s] INFO:colcon.colcon_core.shell:Creating package script '/my_new_project/dev_ws/src/my_package/install/my_package/share/my_package/package.ps1'
[3.221s] INFO:colcon.colcon_core.shell:Creating package descriptor '/my_new_project/dev_ws/src/my_package/install/my_package/share/my_package/package.dsv'
[3.223s] INFO:colcon.colcon_core.shell:Creating package script '/my_new_project/dev_ws/src/my_package/install/my_package/share/my_package/package.sh'
[3.224s] INFO:colcon.colcon_core.shell:Creating package script '/my_new_project/dev_ws/src/my_package/install/my_package/share/my_package/package.bash'
[3.225s] INFO:colcon.colcon_core.shell:Creating package script '/my_new_project/dev_ws/src/my_package/install/my_package/share/my_package/package.zsh'
[3.227s] Level 1:colcon.colcon_core.environment:create_file_with_runtime_dependencies(/my_new_project/dev_ws/src/my_package/install/my_package/share/colcon-core/packages/my_package)
[3.229s] DEBUG:colcon.colcon_parallel_executor.executor.parallel:closing loop
[3.229s] DEBUG:colcon.colcon_parallel_executor.executor.parallel:loop closed
[3.233s] DEBUG:colcon.colcon_parallel_executor.executor.parallel:run_until_complete finished with '0'
[3.233s] DEBUG:colcon.colcon_core.event_reactor:joining thread
[3.248s] INFO:colcon.colcon_core.plugin_system:Skipping extension 'colcon_notification.desktop_notification.notify_send': Could not find 'notify-send'
[3.251s] INFO:colcon.colcon_core.plugin_system:Skipping extension 'colcon_notification.desktop_notification.terminal_notifier': Not used on non-Darwin systems
[3.252s] INFO:colcon.colcon_core.plugin_system:Skipping extension 'colcon_notification.desktop_notification.win32': Not used on non-Windows systems
[3.252s] INFO:colcon.colcon_notification.desktop_notification:Sending desktop notification using 'notify2'
[3.265s] DEBUG:colcon.colcon_notification.desktop_notification.notify2:Failed to initialize notify2: org.freedesktop.DBus.Error.ServiceUnknown: The name org.freedesktop.Notifications was not provided by any .service files
[3.266s] DEBUG:colcon.colcon_core.event_reactor:joined thread
[3.270s] INFO:colcon.colcon_core.shell:Creating prefix script '/my_new_project/dev_ws/src/my_package/install/local_setup.ps1'
[3.274s] INFO:colcon.colcon_core.shell:Creating prefix util module '/my_new_project/dev_ws/src/my_package/install/_local_setup_util_ps1.py'
[3.279s] INFO:colcon.colcon_core.shell:Creating prefix chain script '/my_new_project/dev_ws/src/my_package/install/setup.ps1'
[3.285s] INFO:colcon.colcon_core.shell:Creating prefix script '/my_new_project/dev_ws/src/my_package/install/local_setup.sh'
[3.286s] INFO:colcon.colcon_core.shell:Creating prefix util module '/my_new_project/dev_ws/src/my_package/install/_local_setup_util_sh.py'
[3.288s] INFO:colcon.colcon_core.shell:Creating prefix chain script '/my_new_project/dev_ws/src/my_package/install/setup.sh'
[3.292s] INFO:colcon.colcon_core.shell:Creating prefix script '/my_new_project/dev_ws/src/my_package/install/local_setup.bash'
[3.294s] INFO:colcon.colcon_core.shell:Creating prefix chain script '/my_new_project/dev_ws/src/my_package/install/setup.bash'
[3.297s] INFO:colcon.colcon_core.shell:Creating prefix script '/my_new_project/dev_ws/src/my_package/install/local_setup.zsh'
[3.303s] INFO:colcon.colcon_core.shell:Creating prefix chain script '/my_new_project/dev_ws/src/my_package/install/setup.zsh'
